<?xml version="1.0" encoding="UTF-8"?>
<!-- Generated by org.testng.reporters.JUnitReportReporter -->
<testsuite hostname="Waleed" failures="0" tests="4" name="MyTestCases" time="6.146" errors="0" timestamp="2024-11-23T13:15:15 EET" skipped="3">
  <testcase classname="MyTestCases" name="AddItemToThecart" time="6.146"/>
  <system-out/>
  <testcase classname="MyTestCases" name="Login">
    <skipped/>
  </testcase> <!-- Login -->
  <system-out/>
  <testcase classname="MyTestCases" name="MyTest">
    <skipped/>
  </testcase> <!-- MyTest -->
  <system-out/>
  <testcase classname="MyTestCases" name="Logout">
    <skipped/>
  </testcase> <!-- Logout -->
  <system-out/>
</testsuite> <!-- MyTestCases -->
